<?xml version="1.0" encoding="UTF-8"?>
<!-- Generated by org.testng.reporters.JUnitReportReporter -->
<testsuite hostname="LAPTOP-V2HHIS79" failures="0" tests="2" name="Test_NG.Data" time="0.022" errors="0" timestamp="2024-07-18T18:00:29 IST" skipped="0">
  <testcase classname="Test_NG.Data" name="method" time="0.010"/>
  <testcase classname="Test_NG.Data" name="method" time="0.012"/>
</testsuite> <!-- Test_NG.Data -->
