<?xml version="1.0" encoding="UTF-8"?>
<!-- Generated by org.testng.reporters.JUnitReportReporter -->
<testsuite hostname="LAPTOP-V2HHIS79" failures="0" tests="2" name="Test_NG.Grouping" time="0.016" errors="0" timestamp="2024-07-17T20:29:41 IST" skipped="0">
  <testcase classname="Test_NG.Grouping" name="testone" time="0.014"/>
  <testcase classname="Test_NG.Grouping" name="testthree" time="0.002"/>
</testsuite> <!-- Test_NG.Grouping -->
