<?xml version="1.0" encoding="UTF-8"?>
<!-- Generated by org.testng.reporters.JUnitReportReporter -->
<testsuite hostname="LAPTOP-V2HHIS79" failures="0" tests="2" name="Test_NG.Tc_1" time="0.010" errors="0" timestamp="2024-07-16T13:46:39 IST" skipped="0">
  <testcase classname="Test_NG.Tc_1" name="test2" time="0.004"/>
  <testcase classname="Test_NG.Tc_1" name="test1" time="0.006"/>
</testsuite> <!-- Test_NG.Tc_1 -->
