<?xml version="1.0" encoding="UTF-8"?>
<!-- Generated by org.testng.reporters.JUnitReportReporter -->
<testsuite hostname="LAPTOP-V2HHIS79" failures="0" tests="3" name="Practises.Testing" time="0.018" errors="0" timestamp="2024-07-14T18:52:00 IST" skipped="0">
  <testcase classname="Practises.Testing" name="method3" time="0.014"/>
  <testcase classname="Practises.Testing" name="method2" time="0.001"/>
  <testcase classname="Practises.Testing" name="method" time="0.003"/>
</testsuite> <!-- Practises.Testing -->
