<?xml version="1.0" encoding="UTF-8"?>
<!-- Generated by org.testng.reporters.JUnitReportReporter -->
<testsuite hostname="LAPTOP-V2HHIS79" failures="0" tests="2" name="Test_NG.Data_Provider" time="0.009" errors="0" timestamp="2024-07-18T13:10:15 IST" skipped="0">
  <testcase classname="Test_NG.Data_Provider" name="method1" time="0.003"/>
  <testcase classname="Test_NG.Data_Provider" name="method1" time="0.006"/>
</testsuite> <!-- Test_NG.Data_Provider -->
